
*** Running vivado
    with args -log SynchTDL.vds -m64 -product Vivado -mode batch -messageDb vivado.pb -notrace -source SynchTDL.tcl


****** Vivado v2017.1 (64-bit)
  **** SW Build 1846317 on Fri Apr 14 18:54:47 MDT 2017
  **** IP Build 1846188 on Fri Apr 14 20:52:08 MDT 2017
    ** Copyright 1986-2017 Xilinx, Inc. All Rights Reserved.

source SynchTDL.tcl -notrace
Starting RTL Elaboration : Time (s): cpu = 00:00:04 ; elapsed = 00:00:04 . Memory (MB): peak = 1184.121 ; gain = 73.000 ; free physical = 1132 ; free virtual = 9244
INFO: [Synth 8-638] synthesizing module 'SynchTDL' [/home/arkady/Documents/Vivado Projects/TDCTwoStage/TDCTwoStage.srcs/sources_1/ip/SynchTDL/synth/SynchTDL.vhd:68]
INFO: [Synth 8-256] done synthesizing module 'SynchTDL' (5#1) [/home/arkady/Documents/Vivado Projects/TDCTwoStage/TDCTwoStage.srcs/sources_1/ip/SynchTDL/synth/SynchTDL.vhd:68]
Finished RTL Elaboration : Time (s): cpu = 00:00:06 ; elapsed = 00:00:06 . Memory (MB): peak = 1228.621 ; gain = 117.500 ; free physical = 1129 ; free virtual = 9253
Finished RTL Optimization Phase 1 : Time (s): cpu = 00:00:06 ; elapsed = 00:00:06 . Memory (MB): peak = 1228.621 ; gain = 117.500 ; free physical = 1128 ; free virtual = 9252
INFO: [Device 21-403] Loading part xc7vx485tffg1761-2
Constraint Validation Runtime : Time (s): cpu = 00:00:00.02 ; elapsed = 00:00:00.01 . Memory (MB): peak = 1628.926 ; gain = 0.000 ; free physical = 780 ; free virtual = 8887
Finished Constraint Validation : Time (s): cpu = 00:00:25 ; elapsed = 00:00:25 . Memory (MB): peak = 1628.926 ; gain = 517.805 ; free physical = 858 ; free virtual = 8969
Finished Loading Part and Timing Information : Time (s): cpu = 00:00:25 ; elapsed = 00:00:25 . Memory (MB): peak = 1628.926 ; gain = 517.805 ; free physical = 858 ; free virtual = 8969
Finished applying 'set_property' XDC Constraints : Time (s): cpu = 00:00:25 ; elapsed = 00:00:25 . Memory (MB): peak = 1628.926 ; gain = 517.805 ; free physical = 860 ; free virtual = 8971
Finished RTL Optimization Phase 2 : Time (s): cpu = 00:00:25 ; elapsed = 00:00:26 . Memory (MB): peak = 1628.926 ; gain = 517.805 ; free physical = 858 ; free virtual = 8970
Finished Cross Boundary and Area Optimization : Time (s): cpu = 00:00:25 ; elapsed = 00:00:26 . Memory (MB): peak = 1628.926 ; gain = 517.805 ; free physical = 864 ; free virtual = 8970
Finished Applying XDC Timing Constraints : Time (s): cpu = 00:00:32 ; elapsed = 00:00:33 . Memory (MB): peak = 1628.926 ; gain = 517.805 ; free physical = 719 ; free virtual = 8830
Finished Timing Optimization : Time (s): cpu = 00:00:32 ; elapsed = 00:00:33 . Memory (MB): peak = 1628.926 ; gain = 517.805 ; free physical = 719 ; free virtual = 8830
Finished Technology Mapping : Time (s): cpu = 00:00:32 ; elapsed = 00:00:33 . Memory (MB): peak = 1636.934 ; gain = 525.812 ; free physical = 718 ; free virtual = 8829
Finished IO Insertion : Time (s): cpu = 00:00:32 ; elapsed = 00:00:33 . Memory (MB): peak = 1636.934 ; gain = 525.812 ; free physical = 718 ; free virtual = 8829
Finished Renaming Generated Instances : Time (s): cpu = 00:00:32 ; elapsed = 00:00:33 . Memory (MB): peak = 1636.934 ; gain = 525.812 ; free physical = 718 ; free virtual = 8829
Finished Rebuilding User Hierarchy : Time (s): cpu = 00:00:32 ; elapsed = 00:00:33 . Memory (MB): peak = 1636.934 ; gain = 525.812 ; free physical = 718 ; free virtual = 8829
Finished Renaming Generated Ports : Time (s): cpu = 00:00:32 ; elapsed = 00:00:33 . Memory (MB): peak = 1636.934 ; gain = 525.812 ; free physical = 718 ; free virtual = 8829
Finished Handling Custom Attributes : Time (s): cpu = 00:00:32 ; elapsed = 00:00:33 . Memory (MB): peak = 1636.934 ; gain = 525.812 ; free physical = 718 ; free virtual = 8829
Finished Renaming Generated Nets : Time (s): cpu = 00:00:32 ; elapsed = 00:00:33 . Memory (MB): peak = 1636.934 ; gain = 525.812 ; free physical = 718 ; free virtual = 8829

Report Cell Usage: 
+------+-----+------+
|      |Cell |Count |
+------+-----+------+
|1     |FDRE |     6|
+------+-----+------+
Finished Writing Synthesis Report : Time (s): cpu = 00:00:32 ; elapsed = 00:00:33 . Memory (MB): peak = 1636.934 ; gain = 525.812 ; free physical = 718 ; free virtual = 8829
synth_design: Time (s): cpu = 00:00:34 ; elapsed = 00:00:35 . Memory (MB): peak = 1646.934 ; gain = 556.398 ; free physical = 734 ; free virtual = 8839
