
*** Running vivado
    with args -log FifoVDL.vds -m64 -product Vivado -mode batch -messageDb vivado.pb -notrace -source FifoVDL.tcl


****** Vivado v2017.1 (64-bit)
  **** SW Build 1846317 on Fri Apr 14 18:54:47 MDT 2017
  **** IP Build 1846188 on Fri Apr 14 20:52:08 MDT 2017
    ** Copyright 1986-2017 Xilinx, Inc. All Rights Reserved.

source FifoVDL.tcl -notrace
Starting RTL Elaboration : Time (s): cpu = 00:00:06 ; elapsed = 00:00:06 . Memory (MB): peak = 1187.121 ; gain = 76.000 ; free physical = 1900 ; free virtual = 9721
INFO: [Synth 8-638] synthesizing module 'FifoVDL' [/home/arkady/Documents/Vivado Projects/TDCTwoStage/TDCTwoStage.srcs/sources_1/ip/FifoVDL/synth/FifoVDL.vhd:72]
INFO: [Synth 8-256] done synthesizing module 'FifoVDL' (18#1) [/home/arkady/Documents/Vivado Projects/TDCTwoStage/TDCTwoStage.srcs/sources_1/ip/FifoVDL/synth/FifoVDL.vhd:72]
Finished RTL Elaboration : Time (s): cpu = 00:00:10 ; elapsed = 00:00:11 . Memory (MB): peak = 1307.621 ; gain = 196.500 ; free physical = 1903 ; free virtual = 9724
Finished RTL Optimization Phase 1 : Time (s): cpu = 00:00:11 ; elapsed = 00:00:11 . Memory (MB): peak = 1307.621 ; gain = 196.500 ; free physical = 1904 ; free virtual = 9725
INFO: [Device 21-403] Loading part xc7vx485tffg1761-2
Constraint Validation Runtime : Time (s): cpu = 00:00:00.02 ; elapsed = 00:00:00.02 . Memory (MB): peak = 1686.285 ; gain = 0.000 ; free physical = 1535 ; free virtual = 9356
Finished Constraint Validation : Time (s): cpu = 00:00:29 ; elapsed = 00:00:30 . Memory (MB): peak = 1686.285 ; gain = 575.164 ; free physical = 1619 ; free virtual = 9441
Finished Loading Part and Timing Information : Time (s): cpu = 00:00:29 ; elapsed = 00:00:30 . Memory (MB): peak = 1686.285 ; gain = 575.164 ; free physical = 1619 ; free virtual = 9441
Finished applying 'set_property' XDC Constraints : Time (s): cpu = 00:00:29 ; elapsed = 00:00:30 . Memory (MB): peak = 1686.285 ; gain = 575.164 ; free physical = 1621 ; free virtual = 9443
Finished RTL Optimization Phase 2 : Time (s): cpu = 00:00:29 ; elapsed = 00:00:30 . Memory (MB): peak = 1686.285 ; gain = 575.164 ; free physical = 1614 ; free virtual = 9435
Finished Cross Boundary and Area Optimization : Time (s): cpu = 00:00:30 ; elapsed = 00:00:31 . Memory (MB): peak = 1686.285 ; gain = 575.164 ; free physical = 1603 ; free virtual = 9424
---------------------------------------------------------------------------------
Start ROM, RAM, DSP and Shift Register Reporting
---------------------------------------------------------------------------------

Distributed RAM: Preliminary Mapping  Report (see note below)
+------------+-------------------------------------------------------------------------------+----------------+----------------------+------------------------------+
|Module Name | RTL Object                                                                    | Inference      | Size (Depth x Width) | Primitives                   | 
+------------+-------------------------------------------------------------------------------+----------------+----------------------+------------------------------+
|U0          | inst_fifo_gen/gconvfifo.rf/grf.rf/gntv_or_sync_fifo.mem/gdm.dm_gen.dm/RAM_reg | User Attribute | 1 K x 5              | RAM64X1D x 32  RAM64M x 16   | 
+------------+-------------------------------------------------------------------------------+----------------+----------------------+------------------------------+

Note: The table above is a preliminary report that shows the Distributed RAMs at the current stage of the synthesis flow. Some Distributed RAMs may be reimplemented as non Distributed RAM primitives later in the synthesis flow. Multiple instantiated RAMs are reported only once.
---------------------------------------------------------------------------------
Finished ROM, RAM, DSP and Shift Register Reporting
---------------------------------------------------------------------------------
Finished Applying XDC Timing Constraints : Time (s): cpu = 00:00:37 ; elapsed = 00:00:38 . Memory (MB): peak = 1686.285 ; gain = 575.164 ; free physical = 1479 ; free virtual = 9300
Finished Timing Optimization : Time (s): cpu = 00:00:37 ; elapsed = 00:00:38 . Memory (MB): peak = 1686.285 ; gain = 575.164 ; free physical = 1478 ; free virtual = 9299
Finished Technology Mapping : Time (s): cpu = 00:00:37 ; elapsed = 00:00:38 . Memory (MB): peak = 1686.285 ; gain = 575.164 ; free physical = 1477 ; free virtual = 9298
Finished IO Insertion : Time (s): cpu = 00:00:37 ; elapsed = 00:00:38 . Memory (MB): peak = 1686.285 ; gain = 575.164 ; free physical = 1477 ; free virtual = 9298
Finished Renaming Generated Instances : Time (s): cpu = 00:00:37 ; elapsed = 00:00:38 . Memory (MB): peak = 1686.285 ; gain = 575.164 ; free physical = 1477 ; free virtual = 9298
Finished Rebuilding User Hierarchy : Time (s): cpu = 00:00:37 ; elapsed = 00:00:38 . Memory (MB): peak = 1686.285 ; gain = 575.164 ; free physical = 1477 ; free virtual = 9298
Finished Renaming Generated Ports : Time (s): cpu = 00:00:37 ; elapsed = 00:00:39 . Memory (MB): peak = 1686.285 ; gain = 575.164 ; free physical = 1477 ; free virtual = 9298
Finished Handling Custom Attributes : Time (s): cpu = 00:00:37 ; elapsed = 00:00:39 . Memory (MB): peak = 1686.285 ; gain = 575.164 ; free physical = 1477 ; free virtual = 9298
Finished Renaming Generated Nets : Time (s): cpu = 00:00:37 ; elapsed = 00:00:39 . Memory (MB): peak = 1686.285 ; gain = 575.164 ; free physical = 1477 ; free virtual = 9298

Report Cell Usage: 
+------+---------+------+
|      |Cell     |Count |
+------+---------+------+
|1     |LUT1     |     4|
|2     |LUT2     |    10|
|3     |LUT3     |     4|
|4     |LUT4     |    24|
|5     |LUT5     |     4|
|6     |LUT6     |    42|
|7     |MUXCY    |    20|
|8     |MUXF7    |    10|
|9     |MUXF8    |     5|
|10    |RAM64M   |    16|
|11    |RAM64X1D |    32|
|12    |FDCE     |    43|
|13    |FDPE     |    21|
|14    |FDRE     |     4|
+------+---------+------+
Finished Writing Synthesis Report : Time (s): cpu = 00:00:37 ; elapsed = 00:00:39 . Memory (MB): peak = 1686.285 ; gain = 575.164 ; free physical = 1477 ; free virtual = 9298
synth_design: Time (s): cpu = 00:00:39 ; elapsed = 00:00:40 . Memory (MB): peak = 1686.293 ; gain = 595.758 ; free physical = 1492 ; free virtual = 9313
