
*** Running vivado
    with args -log LutDelayLine.vds -m64 -product Vivado -mode batch -messageDb vivado.pb -notrace -source LutDelayLine.tcl


****** Vivado v2017.1 (64-bit)
  **** SW Build 1846317 on Fri Apr 14 18:54:47 MDT 2017
  **** IP Build 1846188 on Fri Apr 14 20:52:08 MDT 2017
    ** Copyright 1986-2017 Xilinx, Inc. All Rights Reserved.

source LutDelayLine.tcl -notrace
Starting RTL Elaboration : Time (s): cpu = 00:00:04 ; elapsed = 00:00:04 . Memory (MB): peak = 1184.121 ; gain = 73.000 ; free physical = 346 ; free virtual = 8002
INFO: [Synth 8-638] synthesizing module 'LutDelayLine' [/home/arkady/Documents/Vivado Projects/TDCTwoStage/TDCTwoStage.srcs/sources_1/ip/LutDelayLine/synth/LutDelayLine.vhd:67]
INFO: [Synth 8-256] done synthesizing module 'LutDelayLine' (4#1) [/home/arkady/Documents/Vivado Projects/TDCTwoStage/TDCTwoStage.srcs/sources_1/ip/LutDelayLine/synth/LutDelayLine.vhd:67]
Finished RTL Elaboration : Time (s): cpu = 00:00:06 ; elapsed = 00:00:06 . Memory (MB): peak = 1228.621 ; gain = 117.500 ; free physical = 350 ; free virtual = 8008
Finished RTL Optimization Phase 1 : Time (s): cpu = 00:00:06 ; elapsed = 00:00:06 . Memory (MB): peak = 1228.621 ; gain = 117.500 ; free physical = 350 ; free virtual = 8008
INFO: [Device 21-403] Loading part xc7vx485tffg1761-2
Constraint Validation Runtime : Time (s): cpu = 00:00:00.02 ; elapsed = 00:00:00.02 . Memory (MB): peak = 1615.582 ; gain = 0.000 ; free physical = 150 ; free virtual = 7682
Finished Constraint Validation : Time (s): cpu = 00:00:25 ; elapsed = 00:00:26 . Memory (MB): peak = 1615.582 ; gain = 504.461 ; free physical = 200 ; free virtual = 7745
Finished Loading Part and Timing Information : Time (s): cpu = 00:00:25 ; elapsed = 00:00:26 . Memory (MB): peak = 1615.582 ; gain = 504.461 ; free physical = 200 ; free virtual = 7745
Finished applying 'set_property' XDC Constraints : Time (s): cpu = 00:00:25 ; elapsed = 00:00:26 . Memory (MB): peak = 1615.582 ; gain = 504.461 ; free physical = 201 ; free virtual = 7747
Finished RTL Optimization Phase 2 : Time (s): cpu = 00:00:25 ; elapsed = 00:00:26 . Memory (MB): peak = 1615.582 ; gain = 504.461 ; free physical = 200 ; free virtual = 7745
Finished Cross Boundary and Area Optimization : Time (s): cpu = 00:00:25 ; elapsed = 00:00:26 . Memory (MB): peak = 1615.582 ; gain = 504.461 ; free physical = 199 ; free virtual = 7745
Finished Applying XDC Timing Constraints : Time (s): cpu = 00:00:32 ; elapsed = 00:00:33 . Memory (MB): peak = 1623.582 ; gain = 512.461 ; free physical = 154 ; free virtual = 7638
Finished Timing Optimization : Time (s): cpu = 00:00:32 ; elapsed = 00:00:33 . Memory (MB): peak = 1623.582 ; gain = 512.461 ; free physical = 154 ; free virtual = 7638
Finished Technology Mapping : Time (s): cpu = 00:00:32 ; elapsed = 00:00:33 . Memory (MB): peak = 1642.613 ; gain = 531.492 ; free physical = 153 ; free virtual = 7637
Finished IO Insertion : Time (s): cpu = 00:00:32 ; elapsed = 00:00:33 . Memory (MB): peak = 1642.613 ; gain = 531.492 ; free physical = 153 ; free virtual = 7637
Finished Renaming Generated Instances : Time (s): cpu = 00:00:32 ; elapsed = 00:00:33 . Memory (MB): peak = 1642.613 ; gain = 531.492 ; free physical = 153 ; free virtual = 7637
Finished Rebuilding User Hierarchy : Time (s): cpu = 00:00:32 ; elapsed = 00:00:33 . Memory (MB): peak = 1642.613 ; gain = 531.492 ; free physical = 153 ; free virtual = 7637
Finished Renaming Generated Ports : Time (s): cpu = 00:00:32 ; elapsed = 00:00:33 . Memory (MB): peak = 1642.613 ; gain = 531.492 ; free physical = 153 ; free virtual = 7637
Finished Handling Custom Attributes : Time (s): cpu = 00:00:32 ; elapsed = 00:00:33 . Memory (MB): peak = 1642.613 ; gain = 531.492 ; free physical = 153 ; free virtual = 7637
Finished Renaming Generated Nets : Time (s): cpu = 00:00:32 ; elapsed = 00:00:33 . Memory (MB): peak = 1642.613 ; gain = 531.492 ; free physical = 153 ; free virtual = 7637

Report Cell Usage: 
+------+-------+------+
|      |Cell   |Count |
+------+-------+------+
|1     |SRL16E |     1|
|2     |FDRE   |     2|
+------+-------+------+
Finished Writing Synthesis Report : Time (s): cpu = 00:00:32 ; elapsed = 00:00:33 . Memory (MB): peak = 1642.613 ; gain = 531.492 ; free physical = 153 ; free virtual = 7637
synth_design: Time (s): cpu = 00:00:34 ; elapsed = 00:00:35 . Memory (MB): peak = 1647.613 ; gain = 557.078 ; free physical = 272 ; free virtual = 7645
