
*** Running vivado
    with args -log FifoVDL.vds -m64 -product Vivado -mode batch -messageDb vivado.pb -notrace -source FifoVDL.tcl


****** Vivado v2017.1 (64-bit)
  **** SW Build 1846317 on Fri Apr 14 18:54:47 MDT 2017
  **** IP Build 1846188 on Fri Apr 14 20:52:08 MDT 2017
    ** Copyright 1986-2017 Xilinx, Inc. All Rights Reserved.

source FifoVDL.tcl -notrace
Starting RTL Elaboration : Time (s): cpu = 00:00:05 ; elapsed = 00:00:05 . Memory (MB): peak = 1187.117 ; gain = 76.000 ; free physical = 3455 ; free virtual = 11100
INFO: [Synth 8-638] synthesizing module 'FifoVDL' [/home/arkady/Documents/Vivado Projects/TDCTwoStage/TDCTwoStage.srcs/sources_1/ip/FifoVDL/synth/FifoVDL.vhd:72]
INFO: [Synth 8-256] done synthesizing module 'FifoVDL' (25#1) [/home/arkady/Documents/Vivado Projects/TDCTwoStage/TDCTwoStage.srcs/sources_1/ip/FifoVDL/synth/FifoVDL.vhd:72]
Finished RTL Elaboration : Time (s): cpu = 00:00:50 ; elapsed = 00:00:51 . Memory (MB): peak = 1399.516 ; gain = 288.398 ; free physical = 3432 ; free virtual = 11085
Finished RTL Optimization Phase 1 : Time (s): cpu = 00:00:51 ; elapsed = 00:00:51 . Memory (MB): peak = 1399.516 ; gain = 288.398 ; free physical = 3438 ; free virtual = 11091
INFO: [Device 21-403] Loading part xc7vx485tffg1761-2
Constraint Validation Runtime : Time (s): cpu = 00:00:00.02 ; elapsed = 00:00:00.02 . Memory (MB): peak = 1639.109 ; gain = 0.000 ; free physical = 3092 ; free virtual = 10725
Finished Constraint Validation : Time (s): cpu = 00:01:10 ; elapsed = 00:01:10 . Memory (MB): peak = 1639.109 ; gain = 527.992 ; free physical = 3179 ; free virtual = 10812
Finished Loading Part and Timing Information : Time (s): cpu = 00:01:10 ; elapsed = 00:01:10 . Memory (MB): peak = 1639.109 ; gain = 527.992 ; free physical = 3179 ; free virtual = 10812
Finished applying 'set_property' XDC Constraints : Time (s): cpu = 00:01:10 ; elapsed = 00:01:10 . Memory (MB): peak = 1639.109 ; gain = 527.992 ; free physical = 3179 ; free virtual = 10812
Finished RTL Optimization Phase 2 : Time (s): cpu = 00:01:10 ; elapsed = 00:01:11 . Memory (MB): peak = 1639.109 ; gain = 527.992 ; free physical = 3172 ; free virtual = 10805
Finished Cross Boundary and Area Optimization : Time (s): cpu = 00:01:10 ; elapsed = 00:01:11 . Memory (MB): peak = 1639.109 ; gain = 527.992 ; free physical = 3162 ; free virtual = 10795
Finished Applying XDC Timing Constraints : Time (s): cpu = 00:01:17 ; elapsed = 00:01:18 . Memory (MB): peak = 1650.109 ; gain = 538.992 ; free physical = 3039 ; free virtual = 10673
Finished Timing Optimization : Time (s): cpu = 00:01:17 ; elapsed = 00:01:18 . Memory (MB): peak = 1659.125 ; gain = 548.008 ; free physical = 3038 ; free virtual = 10672
Finished Technology Mapping : Time (s): cpu = 00:01:17 ; elapsed = 00:01:18 . Memory (MB): peak = 1669.141 ; gain = 558.023 ; free physical = 3038 ; free virtual = 10671
Finished IO Insertion : Time (s): cpu = 00:01:18 ; elapsed = 00:01:19 . Memory (MB): peak = 1669.141 ; gain = 558.023 ; free physical = 3038 ; free virtual = 10671
Finished Renaming Generated Instances : Time (s): cpu = 00:01:18 ; elapsed = 00:01:19 . Memory (MB): peak = 1669.141 ; gain = 558.023 ; free physical = 3038 ; free virtual = 10671
Finished Rebuilding User Hierarchy : Time (s): cpu = 00:01:18 ; elapsed = 00:01:19 . Memory (MB): peak = 1669.141 ; gain = 558.023 ; free physical = 3038 ; free virtual = 10671
Finished Renaming Generated Ports : Time (s): cpu = 00:01:18 ; elapsed = 00:01:19 . Memory (MB): peak = 1669.141 ; gain = 558.023 ; free physical = 3038 ; free virtual = 10671
Finished Handling Custom Attributes : Time (s): cpu = 00:01:18 ; elapsed = 00:01:19 . Memory (MB): peak = 1669.141 ; gain = 558.023 ; free physical = 3038 ; free virtual = 10671
Finished Renaming Generated Nets : Time (s): cpu = 00:01:18 ; elapsed = 00:01:19 . Memory (MB): peak = 1669.141 ; gain = 558.023 ; free physical = 3038 ; free virtual = 10671

Report Cell Usage: 
+------+---------+------+
|      |Cell     |Count |
+------+---------+------+
|1     |LUT1     |     4|
|2     |LUT2     |     8|
|3     |LUT3     |     3|
|4     |LUT4     |     5|
|5     |LUT5     |     2|
|6     |LUT6     |     3|
|7     |RAMB18E1 |     1|
|8     |FDCE     |    14|
|9     |FDPE     |    21|
|10    |FDRE     |     4|
+------+---------+------+
Finished Writing Synthesis Report : Time (s): cpu = 00:01:18 ; elapsed = 00:01:19 . Memory (MB): peak = 1669.141 ; gain = 558.023 ; free physical = 3038 ; free virtual = 10671
synth_design: Time (s): cpu = 00:01:19 ; elapsed = 00:01:20 . Memory (MB): peak = 1674.141 ; gain = 583.609 ; free physical = 3055 ; free virtual = 10689
