
*** Running vivado
    with args -log clk_wiz_0.vds -m64 -product Vivado -mode batch -messageDb vivado.pb -notrace -source clk_wiz_0.tcl


****** Vivado v2017.1 (64-bit)
  **** SW Build 1846317 on Fri Apr 14 18:54:47 MDT 2017
  **** IP Build 1846188 on Fri Apr 14 20:52:08 MDT 2017
    ** Copyright 1986-2017 Xilinx, Inc. All Rights Reserved.

source clk_wiz_0.tcl -notrace
Starting RTL Elaboration : Time (s): cpu = 00:00:04 ; elapsed = 00:00:04 . Memory (MB): peak = 1184.121 ; gain = 73.000 ; free physical = 3794 ; free virtual = 10971
INFO: [Synth 8-638] synthesizing module 'clk_wiz_0' [/home/arkady/Documents/Vivado Projects/TDCTwoStage/TDCTwoStage.srcs/sources_1/ip/clk_wiz_0_1/clk_wiz_0.v:70]
INFO: [Synth 8-638] synthesizing module 'clk_wiz_0_clk_wiz' [/home/arkady/Documents/Vivado Projects/TDCTwoStage/TDCTwoStage.srcs/sources_1/ip/clk_wiz_0_1/clk_wiz_0_clk_wiz.v:68]
INFO: [Synth 8-638] synthesizing module 'IBUFDS' [/home/arkady/Xilinx/Vivado/2017.1/scripts/rt/data/unisim_comp.v:14485]
INFO: [Synth 8-256] done synthesizing module 'IBUFDS' (1#1) [/home/arkady/Xilinx/Vivado/2017.1/scripts/rt/data/unisim_comp.v:14485]
INFO: [Synth 8-638] synthesizing module 'MMCME2_ADV' [/home/arkady/Xilinx/Vivado/2017.1/scripts/rt/data/unisim_comp.v:20759]
INFO: [Synth 8-256] done synthesizing module 'MMCME2_ADV' (2#1) [/home/arkady/Xilinx/Vivado/2017.1/scripts/rt/data/unisim_comp.v:20759]
INFO: [Synth 8-638] synthesizing module 'BUFG' [/home/arkady/Xilinx/Vivado/2017.1/scripts/rt/data/unisim_comp.v:607]
INFO: [Synth 8-256] done synthesizing module 'BUFG' (3#1) [/home/arkady/Xilinx/Vivado/2017.1/scripts/rt/data/unisim_comp.v:607]
INFO: [Synth 8-256] done synthesizing module 'clk_wiz_0_clk_wiz' (4#1) [/home/arkady/Documents/Vivado Projects/TDCTwoStage/TDCTwoStage.srcs/sources_1/ip/clk_wiz_0_1/clk_wiz_0_clk_wiz.v:68]
INFO: [Synth 8-256] done synthesizing module 'clk_wiz_0' (5#1) [/home/arkady/Documents/Vivado Projects/TDCTwoStage/TDCTwoStage.srcs/sources_1/ip/clk_wiz_0_1/clk_wiz_0.v:70]
Finished RTL Elaboration : Time (s): cpu = 00:00:05 ; elapsed = 00:00:05 . Memory (MB): peak = 1224.621 ; gain = 113.500 ; free physical = 3801 ; free virtual = 10981
Finished RTL Optimization Phase 1 : Time (s): cpu = 00:00:05 ; elapsed = 00:00:05 . Memory (MB): peak = 1224.621 ; gain = 113.500 ; free physical = 3802 ; free virtual = 10981
INFO: [Device 21-403] Loading part xc7vx485tffg1761-2
Constraint Validation Runtime : Time (s): cpu = 00:00:00.02 ; elapsed = 00:00:00.02 . Memory (MB): peak = 1601.926 ; gain = 0.000 ; free physical = 3407 ; free virtual = 10605
Finished Constraint Validation : Time (s): cpu = 00:00:24 ; elapsed = 00:00:24 . Memory (MB): peak = 1601.926 ; gain = 490.805 ; free physical = 3493 ; free virtual = 10691
Finished Loading Part and Timing Information : Time (s): cpu = 00:00:24 ; elapsed = 00:00:24 . Memory (MB): peak = 1601.926 ; gain = 490.805 ; free physical = 3493 ; free virtual = 10691
Finished applying 'set_property' XDC Constraints : Time (s): cpu = 00:00:24 ; elapsed = 00:00:24 . Memory (MB): peak = 1601.926 ; gain = 490.805 ; free physical = 3494 ; free virtual = 10692
Finished RTL Optimization Phase 2 : Time (s): cpu = 00:00:24 ; elapsed = 00:00:24 . Memory (MB): peak = 1601.926 ; gain = 490.805 ; free physical = 3493 ; free virtual = 10691
Finished Cross Boundary and Area Optimization : Time (s): cpu = 00:00:24 ; elapsed = 00:00:25 . Memory (MB): peak = 1601.926 ; gain = 490.805 ; free physical = 3493 ; free virtual = 10691
Finished Applying XDC Timing Constraints : Time (s): cpu = 00:00:31 ; elapsed = 00:00:32 . Memory (MB): peak = 1621.926 ; gain = 510.805 ; free physical = 3361 ; free virtual = 10566
Finished Timing Optimization : Time (s): cpu = 00:00:31 ; elapsed = 00:00:32 . Memory (MB): peak = 1621.926 ; gain = 510.805 ; free physical = 3360 ; free virtual = 10565
Finished Technology Mapping : Time (s): cpu = 00:00:31 ; elapsed = 00:00:32 . Memory (MB): peak = 1631.941 ; gain = 520.820 ; free physical = 3360 ; free virtual = 10565
Finished IO Insertion : Time (s): cpu = 00:00:31 ; elapsed = 00:00:32 . Memory (MB): peak = 1631.941 ; gain = 520.820 ; free physical = 3356 ; free virtual = 10562
Finished Renaming Generated Instances : Time (s): cpu = 00:00:31 ; elapsed = 00:00:32 . Memory (MB): peak = 1631.941 ; gain = 520.820 ; free physical = 3356 ; free virtual = 10562
Finished Rebuilding User Hierarchy : Time (s): cpu = 00:00:31 ; elapsed = 00:00:32 . Memory (MB): peak = 1631.941 ; gain = 520.820 ; free physical = 3356 ; free virtual = 10562
Finished Renaming Generated Ports : Time (s): cpu = 00:00:31 ; elapsed = 00:00:32 . Memory (MB): peak = 1631.941 ; gain = 520.820 ; free physical = 3356 ; free virtual = 10562
Finished Handling Custom Attributes : Time (s): cpu = 00:00:31 ; elapsed = 00:00:32 . Memory (MB): peak = 1631.941 ; gain = 520.820 ; free physical = 3356 ; free virtual = 10562
Finished Renaming Generated Nets : Time (s): cpu = 00:00:31 ; elapsed = 00:00:32 . Memory (MB): peak = 1631.941 ; gain = 520.820 ; free physical = 3356 ; free virtual = 10562

Report Cell Usage: 
+------+-----------+------+
|      |Cell       |Count |
+------+-----------+------+
|1     |BUFG       |     2|
|2     |MMCME2_ADV |     1|
|3     |IBUFDS     |     1|
+------+-----------+------+
Finished Writing Synthesis Report : Time (s): cpu = 00:00:31 ; elapsed = 00:00:32 . Memory (MB): peak = 1631.941 ; gain = 520.820 ; free physical = 3356 ; free virtual = 10562
synth_design: Time (s): cpu = 00:00:33 ; elapsed = 00:00:34 . Memory (MB): peak = 1645.941 ; gain = 555.406 ; free physical = 3355 ; free virtual = 10562
