
*** Running vivado
    with args -log clk_wiz_0.vds -m64 -product Vivado -mode batch -messageDb vivado.pb -notrace -source clk_wiz_0.tcl


****** Vivado v2017.1 (64-bit)
  **** SW Build 1846317 on Fri Apr 14 18:54:47 MDT 2017
  **** IP Build 1846188 on Fri Apr 14 20:52:08 MDT 2017
    ** Copyright 1986-2017 Xilinx, Inc. All Rights Reserved.

source clk_wiz_0.tcl -notrace
Starting RTL Elaboration : Time (s): cpu = 00:00:04 ; elapsed = 00:00:04 . Memory (MB): peak = 1186.121 ; gain = 75.000 ; free physical = 3890 ; free virtual = 11499
INFO: [Synth 8-638] synthesizing module 'clk_wiz_0' [/home/arkady/Documents/Vivado Projects/TDCTwoStage/TDCTwoStage.srcs/sources_1/ip/clk_wiz_0_1/clk_wiz_0.v:71]
INFO: [Synth 8-638] synthesizing module 'clk_wiz_0_clk_wiz' [/home/arkady/Documents/Vivado Projects/TDCTwoStage/TDCTwoStage.srcs/sources_1/ip/clk_wiz_0_1/clk_wiz_0_clk_wiz.v:69]
INFO: [Synth 8-638] synthesizing module 'IBUFDS' [/home/arkady/Xilinx/Vivado/2017.1/scripts/rt/data/unisim_comp.v:14485]
INFO: [Synth 8-256] done synthesizing module 'IBUFDS' (1#1) [/home/arkady/Xilinx/Vivado/2017.1/scripts/rt/data/unisim_comp.v:14485]
INFO: [Synth 8-638] synthesizing module 'MMCME2_ADV' [/home/arkady/Xilinx/Vivado/2017.1/scripts/rt/data/unisim_comp.v:20759]
INFO: [Synth 8-256] done synthesizing module 'MMCME2_ADV' (2#1) [/home/arkady/Xilinx/Vivado/2017.1/scripts/rt/data/unisim_comp.v:20759]
INFO: [Synth 8-638] synthesizing module 'BUFG' [/home/arkady/Xilinx/Vivado/2017.1/scripts/rt/data/unisim_comp.v:607]
INFO: [Synth 8-256] done synthesizing module 'BUFG' (3#1) [/home/arkady/Xilinx/Vivado/2017.1/scripts/rt/data/unisim_comp.v:607]
INFO: [Synth 8-256] done synthesizing module 'clk_wiz_0_clk_wiz' (4#1) [/home/arkady/Documents/Vivado Projects/TDCTwoStage/TDCTwoStage.srcs/sources_1/ip/clk_wiz_0_1/clk_wiz_0_clk_wiz.v:69]
INFO: [Synth 8-256] done synthesizing module 'clk_wiz_0' (5#1) [/home/arkady/Documents/Vivado Projects/TDCTwoStage/TDCTwoStage.srcs/sources_1/ip/clk_wiz_0_1/clk_wiz_0.v:71]
Finished RTL Elaboration : Time (s): cpu = 00:00:04 ; elapsed = 00:00:05 . Memory (MB): peak = 1225.621 ; gain = 114.500 ; free physical = 3903 ; free virtual = 11513
Finished RTL Optimization Phase 1 : Time (s): cpu = 00:00:05 ; elapsed = 00:00:05 . Memory (MB): peak = 1225.621 ; gain = 114.500 ; free physical = 3902 ; free virtual = 11513
INFO: [Device 21-403] Loading part xc7vx485tffg1761-2
Constraint Validation Runtime : Time (s): cpu = 00:00:00.02 ; elapsed = 00:00:00.02 . Memory (MB): peak = 1602.387 ; gain = 1.000 ; free physical = 3489 ; free virtual = 11133
Finished Constraint Validation : Time (s): cpu = 00:00:23 ; elapsed = 00:00:24 . Memory (MB): peak = 1602.387 ; gain = 491.266 ; free physical = 3588 ; free virtual = 11218
Finished Loading Part and Timing Information : Time (s): cpu = 00:00:23 ; elapsed = 00:00:24 . Memory (MB): peak = 1602.387 ; gain = 491.266 ; free physical = 3588 ; free virtual = 11218
Finished applying 'set_property' XDC Constraints : Time (s): cpu = 00:00:23 ; elapsed = 00:00:24 . Memory (MB): peak = 1602.387 ; gain = 491.266 ; free physical = 3590 ; free virtual = 11220
Finished RTL Optimization Phase 2 : Time (s): cpu = 00:00:24 ; elapsed = 00:00:24 . Memory (MB): peak = 1602.387 ; gain = 491.266 ; free physical = 3589 ; free virtual = 11219
Finished Cross Boundary and Area Optimization : Time (s): cpu = 00:00:24 ; elapsed = 00:00:24 . Memory (MB): peak = 1602.387 ; gain = 491.266 ; free physical = 3588 ; free virtual = 11219
Finished Applying XDC Timing Constraints : Time (s): cpu = 00:00:31 ; elapsed = 00:00:31 . Memory (MB): peak = 1622.387 ; gain = 511.266 ; free physical = 3451 ; free virtual = 11094
Finished Timing Optimization : Time (s): cpu = 00:00:31 ; elapsed = 00:00:31 . Memory (MB): peak = 1622.387 ; gain = 511.266 ; free physical = 3451 ; free virtual = 11094
Finished Technology Mapping : Time (s): cpu = 00:00:31 ; elapsed = 00:00:31 . Memory (MB): peak = 1632.402 ; gain = 521.281 ; free physical = 3450 ; free virtual = 11094
Finished IO Insertion : Time (s): cpu = 00:00:31 ; elapsed = 00:00:32 . Memory (MB): peak = 1632.402 ; gain = 521.281 ; free physical = 3457 ; free virtual = 11094
Finished Renaming Generated Instances : Time (s): cpu = 00:00:31 ; elapsed = 00:00:32 . Memory (MB): peak = 1632.402 ; gain = 521.281 ; free physical = 3457 ; free virtual = 11094
Finished Rebuilding User Hierarchy : Time (s): cpu = 00:00:31 ; elapsed = 00:00:32 . Memory (MB): peak = 1632.402 ; gain = 521.281 ; free physical = 3457 ; free virtual = 11094
Finished Renaming Generated Ports : Time (s): cpu = 00:00:31 ; elapsed = 00:00:32 . Memory (MB): peak = 1632.402 ; gain = 521.281 ; free physical = 3457 ; free virtual = 11094
Finished Handling Custom Attributes : Time (s): cpu = 00:00:31 ; elapsed = 00:00:32 . Memory (MB): peak = 1632.402 ; gain = 521.281 ; free physical = 3457 ; free virtual = 11094
Finished Renaming Generated Nets : Time (s): cpu = 00:00:31 ; elapsed = 00:00:32 . Memory (MB): peak = 1632.402 ; gain = 521.281 ; free physical = 3457 ; free virtual = 11094

Report Cell Usage: 
+------+-----------+------+
|      |Cell       |Count |
+------+-----------+------+
|1     |BUFG       |     3|
|2     |MMCME2_ADV |     1|
|3     |IBUFDS     |     1|
+------+-----------+------+
Finished Writing Synthesis Report : Time (s): cpu = 00:00:31 ; elapsed = 00:00:32 . Memory (MB): peak = 1632.402 ; gain = 521.281 ; free physical = 3457 ; free virtual = 11094
synth_design: Time (s): cpu = 00:00:33 ; elapsed = 00:00:33 . Memory (MB): peak = 1646.402 ; gain = 555.867 ; free physical = 3459 ; free virtual = 11104
