
*** Running vivado
    with args -log FifoVDL.vds -m64 -product Vivado -mode batch -messageDb vivado.pb -notrace -source FifoVDL.tcl


****** Vivado v2017.1 (64-bit)
  **** SW Build 1846317 on Fri Apr 14 18:54:47 MDT 2017
  **** IP Build 1846188 on Fri Apr 14 20:52:08 MDT 2017
    ** Copyright 1986-2017 Xilinx, Inc. All Rights Reserved.

source FifoVDL.tcl -notrace
Starting RTL Elaboration : Time (s): cpu = 00:00:05 ; elapsed = 00:00:06 . Memory (MB): peak = 1187.125 ; gain = 76.000 ; free physical = 1099 ; free virtual = 9317
INFO: [Synth 8-638] synthesizing module 'FifoVDL' [/home/arkady/Documents/Vivado Projects/TDCTwoStage/TDCTwoStage.srcs/sources_1/ip/FifoVDL/synth/FifoVDL.vhd:72]
INFO: [Synth 8-256] done synthesizing module 'FifoVDL' (25#1) [/home/arkady/Documents/Vivado Projects/TDCTwoStage/TDCTwoStage.srcs/sources_1/ip/FifoVDL/synth/FifoVDL.vhd:72]
Finished RTL Elaboration : Time (s): cpu = 00:00:54 ; elapsed = 00:00:55 . Memory (MB): peak = 1399.523 ; gain = 288.398 ; free physical = 1081 ; free virtual = 9313
Finished RTL Optimization Phase 1 : Time (s): cpu = 00:00:55 ; elapsed = 00:00:55 . Memory (MB): peak = 1399.523 ; gain = 288.398 ; free physical = 1087 ; free virtual = 9319
INFO: [Device 21-403] Loading part xc7vx485tffg1761-2
Constraint Validation Runtime : Time (s): cpu = 00:00:00.02 ; elapsed = 00:00:00.02 . Memory (MB): peak = 1639.117 ; gain = 0.000 ; free physical = 728 ; free virtual = 8945
Finished Constraint Validation : Time (s): cpu = 00:01:16 ; elapsed = 00:01:17 . Memory (MB): peak = 1639.117 ; gain = 527.992 ; free physical = 814 ; free virtual = 9033
Finished Loading Part and Timing Information : Time (s): cpu = 00:01:16 ; elapsed = 00:01:17 . Memory (MB): peak = 1639.117 ; gain = 527.992 ; free physical = 813 ; free virtual = 9033
Finished applying 'set_property' XDC Constraints : Time (s): cpu = 00:01:16 ; elapsed = 00:01:17 . Memory (MB): peak = 1639.117 ; gain = 527.992 ; free physical = 813 ; free virtual = 9033
Finished RTL Optimization Phase 2 : Time (s): cpu = 00:01:16 ; elapsed = 00:01:17 . Memory (MB): peak = 1639.117 ; gain = 527.992 ; free physical = 806 ; free virtual = 9026
Finished Cross Boundary and Area Optimization : Time (s): cpu = 00:01:16 ; elapsed = 00:01:18 . Memory (MB): peak = 1639.117 ; gain = 527.992 ; free physical = 796 ; free virtual = 9016
Finished Applying XDC Timing Constraints : Time (s): cpu = 00:01:24 ; elapsed = 00:01:26 . Memory (MB): peak = 1650.117 ; gain = 538.992 ; free physical = 639 ; free virtual = 8890
Finished Timing Optimization : Time (s): cpu = 00:01:25 ; elapsed = 00:01:26 . Memory (MB): peak = 1661.133 ; gain = 550.008 ; free physical = 637 ; free virtual = 8888
Finished Technology Mapping : Time (s): cpu = 00:01:25 ; elapsed = 00:01:26 . Memory (MB): peak = 1671.156 ; gain = 560.031 ; free physical = 637 ; free virtual = 8889
Finished IO Insertion : Time (s): cpu = 00:01:25 ; elapsed = 00:01:27 . Memory (MB): peak = 1671.156 ; gain = 560.031 ; free physical = 637 ; free virtual = 8888
Finished Renaming Generated Instances : Time (s): cpu = 00:01:25 ; elapsed = 00:01:27 . Memory (MB): peak = 1671.156 ; gain = 560.031 ; free physical = 637 ; free virtual = 8888
Finished Rebuilding User Hierarchy : Time (s): cpu = 00:01:25 ; elapsed = 00:01:27 . Memory (MB): peak = 1671.156 ; gain = 560.031 ; free physical = 638 ; free virtual = 8888
Finished Renaming Generated Ports : Time (s): cpu = 00:01:25 ; elapsed = 00:01:27 . Memory (MB): peak = 1671.156 ; gain = 560.031 ; free physical = 638 ; free virtual = 8888
Finished Handling Custom Attributes : Time (s): cpu = 00:01:25 ; elapsed = 00:01:27 . Memory (MB): peak = 1671.156 ; gain = 560.031 ; free physical = 638 ; free virtual = 8888
Finished Renaming Generated Nets : Time (s): cpu = 00:01:25 ; elapsed = 00:01:27 . Memory (MB): peak = 1671.156 ; gain = 560.031 ; free physical = 638 ; free virtual = 8888

Report Cell Usage: 
+------+---------+------+
|      |Cell     |Count |
+------+---------+------+
|1     |LUT1     |     4|
|2     |LUT2     |    10|
|3     |LUT3     |     3|
|4     |LUT4     |     4|
|5     |LUT5     |     2|
|6     |LUT6     |     4|
|7     |RAMB18E1 |     1|
|8     |FDCE     |    16|
|9     |FDPE     |    16|
|10    |FDRE     |     4|
+------+---------+------+
Finished Writing Synthesis Report : Time (s): cpu = 00:01:25 ; elapsed = 00:01:27 . Memory (MB): peak = 1671.156 ; gain = 560.031 ; free physical = 638 ; free virtual = 8888
synth_design: Time (s): cpu = 00:01:27 ; elapsed = 00:01:29 . Memory (MB): peak = 1675.156 ; gain = 584.617 ; free physical = 659 ; free virtual = 8907
